#
# There is insufficient memory for the Java Runtime Environment to continue.
# Native memory allocation (mmap) failed to map 132120576 bytes for G1 virtual space
# Possible reasons:
#   The system is out of physical RAM or swap space
#   The process is running with CompressedOops enabled, and the Java Heap may be blocking the growth of the native heap
# Possible solutions:
#   Reduce memory load on the system
#   Increase physical memory or swap space
#   Check if swap backing store is full
#   Decrease Java heap size (-Xmx/-Xms)
#   Decrease number of Java threads
#   Decrease Java thread stack sizes (-Xss)
#   Set larger code cache with -XX:ReservedCodeCacheSize=
#   JVM is running with Unscaled Compressed Oops mode in which the Java heap is
#     placed in the first 4GB address space. The Java Heap base address is the
#     maximum limit for the native heap growth. Please use -XX:HeapBaseMinAddress
#     to set the Java Heap base and to place the Java Heap above 4GB virtual address.
# This output file may be truncated or incomplete.
#
#  Out of Memory Error (os_windows.cpp:3613), pid=2124, tid=32548
#
# JRE version:  (17.0.9+9) (build )
# Java VM: OpenJDK 64-Bit Server VM (17.0.9+9, mixed mode, sharing, tiered, compressed oops, compressed class ptrs, g1 gc, windows-amd64)
# No core dump will be written. Minidumps are not enabled by default on client versions of Windows
#

---------------  S U M M A R Y ------------

Command Line: org.sonarsource.sonarlint.core.backend.cli.SonarLintServerCli

Host: Intel(R) Core(TM) i7-7600U CPU @ 2.80GHz, 4 cores, 7G,  Windows 10 , 64 bit Build 19041 (10.0.19041.4597)
Time: Fri Aug 16 00:17:59 2024 Egypt Daylight Time elapsed time: 0.648979 seconds (0d 0h 0m 0s)

---------------  T H R E A D  ---------------

Current thread (0x0000027b9f44f650):  JavaThread "Unknown thread" [_thread_in_vm, id=32548, stack(0x000000dcac000000,0x000000dcac100000)]

Stack: [0x000000dcac000000,0x000000dcac100000]
Native frames: (J=compiled Java code, j=interpreted, Vv=VM code, C=native code)
V  [jvm.dll+0x67cf49]
V  [jvm.dll+0x83478a]
V  [jvm.dll+0x83624e]
V  [jvm.dll+0x8368b3]
V  [jvm.dll+0x247f1f]
V  [jvm.dll+0x679d69]
V  [jvm.dll+0x66e6ba]
V  [jvm.dll+0x307e5b]
V  [jvm.dll+0x30f306]
V  [jvm.dll+0x35f0ce]
V  [jvm.dll+0x35f2ff]
V  [jvm.dll+0x2dea58]
V  [jvm.dll+0x2df9c4]
V  [jvm.dll+0x806031]
V  [jvm.dll+0x36cf31]
V  [jvm.dll+0x7e4aac]
V  [jvm.dll+0x3f07af]
V  [jvm.dll+0x3f23e1]
C  [jli.dll+0x528f]
C  [ucrtbase.dll+0x21bb2]
C  [KERNEL32.DLL+0x17374]
C  [ntdll.dll+0x4cc91]


---------------  P R O C E S S  ---------------

Threads class SMR info:
_java_thread_list=0x00007ff94457ee98, length=0, elements={
}

Java Threads: ( => current thread )

Other Threads:
  0x0000027b9f4addf0 GCTaskThread "GC Thread#0" [stack: 0x000000dcac100000,0x000000dcac200000] [id=31496]
  0x0000027b9f4be900 ConcurrentGCThread "G1 Main Marker" [stack: 0x000000dcac200000,0x000000dcac300000] [id=22208]
  0x0000027b9f4bf320 ConcurrentGCThread "G1 Conc#0" [stack: 0x000000dcac300000,0x000000dcac400000] [id=31628]

[error occurred during error reporting (printing all threads), id 0xc0000005, EXCEPTION_ACCESS_VIOLATION (0xc0000005) at pc=0x00007ff943d3f497]

VM state: not at safepoint (not fully initialized)

VM Mutex/Monitor currently owned by a thread:  ([mutex/lock_event])
[0x0000027b9f44ce30] Heap_lock - owner thread: 0x0000027b9f44f650

Heap address: 0x0000000082200000, size: 2014 MB, Compressed Oops mode: 32-bit

CDS archive(s) mapped at: [0x0000000000000000-0x0000000000000000-0x0000000000000000), size 0, SharedBaseAddress: 0x0000000800000000, ArchiveRelocationMode: 1.
Narrow klass base: 0x0000000000000000, Narrow klass shift: 0, Narrow klass range: 0x0

GC Precious Log:
<Empty>

Heap:
 garbage-first heap   total 0K, used 0K [0x0000000082200000, 0x0000000100000000)
  region size 1024K, 0 young (0K), 0 survivors (0K)

[error occurred during error reporting (printing heap information), id 0xc0000005, EXCEPTION_ACCESS_VIOLATION (0xc0000005) at pc=0x00007ff944126c79]

GC Heap History (0 events):
No events

Dll operation events (1 events):
Event: 0.308 Loaded shared library C:\USERS\AHMED\APPDATA\LOCAL\MICROSOFT\VISUALSTUDIO\17.0_9B7FE541\EXTENSIONS\D52IAH55.P0U\Sloop\jre\bin\java.dll

Deoptimization events (0 events):
No events

Classes unloaded (0 events):
No events

Classes redefined (0 events):
No events

Internal exceptions (0 events):
No events

VM Operations (0 events):
No events

Events (0 events):
No events


Dynamic libraries:
0x00007ff754520000 - 0x00007ff75452e000 	C:\USERS\AHMED\APPDATA\LOCAL\MICROSOFT\VISUALSTUDIO\17.0_9B7FE541\EXTENSIONS\D52IAH55.P0U\Sloop\jre\bin\java.exe
0x00007ffa253d0000 - 0x00007ffa255c8000 	C:\WINDOWS\SYSTEM32\ntdll.dll
0x00007ffa23f20000 - 0x00007ffa23fe1000 	C:\WINDOWS\System32\KERNEL32.DLL
0x00007ffa22ad0000 - 0x00007ffa22dc6000 	C:\WINDOWS\System32\KERNELBASE.dll
0x00007ffa23300000 - 0x00007ffa23400000 	C:\WINDOWS\System32\ucrtbase.dll
0x00007ff9447e0000 - 0x00007ff9447f7000 	C:\USERS\AHMED\APPDATA\LOCAL\MICROSOFT\VISUALSTUDIO\17.0_9B7FE541\EXTENSIONS\D52IAH55.P0U\Sloop\jre\bin\jli.dll
0x00007ffa23460000 - 0x00007ffa235ff000 	C:\WINDOWS\System32\USER32.dll
0x00007ffa22f30000 - 0x00007ffa22f52000 	C:\WINDOWS\System32\win32u.dll
0x00007ffa24fe0000 - 0x00007ffa2500b000 	C:\WINDOWS\System32\GDI32.dll
0x00007ffa22f60000 - 0x00007ffa23077000 	C:\WINDOWS\System32\gdi32full.dll
0x00007ffa231f0000 - 0x00007ffa2328d000 	C:\WINDOWS\System32\msvcp_win.dll
0x00007ff971390000 - 0x00007ff9713ab000 	C:\USERS\AHMED\APPDATA\LOCAL\MICROSOFT\VISUALSTUDIO\17.0_9B7FE541\EXTENSIONS\D52IAH55.P0U\Sloop\jre\bin\VCRUNTIME140.dll
0x00007ffa17a80000 - 0x00007ffa17d1a000 	C:\WINDOWS\WinSxS\amd64_microsoft.windows.common-controls_6595b64144ccf1df_6.0.19041.4355_none_60b8b9eb71f62e16\COMCTL32.dll
0x00007ffa23df0000 - 0x00007ffa23e8e000 	C:\WINDOWS\System32\msvcrt.dll
0x00007ffa23950000 - 0x00007ffa2397f000 	C:\WINDOWS\System32\IMM32.DLL
0x00007ffa0a370000 - 0x00007ffa0a37c000 	C:\USERS\AHMED\APPDATA\LOCAL\MICROSOFT\VISUALSTUDIO\17.0_9B7FE541\EXTENSIONS\D52IAH55.P0U\Sloop\jre\bin\vcruntime140_1.dll
0x00007ff9446c0000 - 0x00007ff94474d000 	C:\USERS\AHMED\APPDATA\LOCAL\MICROSOFT\VISUALSTUDIO\17.0_9B7FE541\EXTENSIONS\D52IAH55.P0U\Sloop\jre\bin\msvcp140.dll
0x00007ff943a50000 - 0x00007ff9446b1000 	C:\USERS\AHMED\APPDATA\LOCAL\MICROSOFT\VISUALSTUDIO\17.0_9B7FE541\EXTENSIONS\D52IAH55.P0U\Sloop\jre\bin\server\jvm.dll
0x00007ffa25240000 - 0x00007ffa252f0000 	C:\WINDOWS\System32\ADVAPI32.dll
0x00007ffa252f0000 - 0x00007ffa25390000 	C:\WINDOWS\System32\sechost.dll
0x00007ffa23600000 - 0x00007ffa23723000 	C:\WINDOWS\System32\RPCRT4.dll
0x00007ffa23080000 - 0x00007ffa230a7000 	C:\WINDOWS\System32\bcrypt.dll
0x00007ffa21fb0000 - 0x00007ffa21ffb000 	C:\WINDOWS\SYSTEM32\POWRPROF.dll
0x00007ffa0adf0000 - 0x00007ffa0adf9000 	C:\WINDOWS\SYSTEM32\WSOCK32.dll
0x00007ffa249c0000 - 0x00007ffa24a2b000 	C:\WINDOWS\System32\WS2_32.dll
0x00007ffa17640000 - 0x00007ffa17667000 	C:\WINDOWS\SYSTEM32\WINMM.dll
0x00007ffa1dee0000 - 0x00007ffa1deea000 	C:\WINDOWS\SYSTEM32\VERSION.dll
0x00007ffa21e70000 - 0x00007ffa21e82000 	C:\WINDOWS\SYSTEM32\UMPDC.dll
0x00007ffa212e0000 - 0x00007ffa212f2000 	C:\WINDOWS\SYSTEM32\kernel.appcore.dll
0x00007ff9fd9a0000 - 0x00007ff9fd9aa000 	C:\USERS\AHMED\APPDATA\LOCAL\MICROSOFT\VISUALSTUDIO\17.0_9B7FE541\EXTENSIONS\D52IAH55.P0U\Sloop\jre\bin\jimage.dll
0x00007ffa20690000 - 0x00007ffa20874000 	C:\WINDOWS\SYSTEM32\DBGHELP.DLL
0x00007ffa063b0000 - 0x00007ffa063e4000 	C:\WINDOWS\SYSTEM32\dbgcore.DLL
0x00007ffa23160000 - 0x00007ffa231e2000 	C:\WINDOWS\System32\bcryptPrimitives.dll
0x00007ff943840000 - 0x00007ff943865000 	C:\USERS\AHMED\APPDATA\LOCAL\MICROSOFT\VISUALSTUDIO\17.0_9B7FE541\EXTENSIONS\D52IAH55.P0U\Sloop\jre\bin\java.dll

dbghelp: loaded successfully - version: 4.0.5 - missing functions: none
symbol engine: initialized successfully - sym options: 0x614 - pdb path: .;C:\USERS\AHMED\APPDATA\LOCAL\MICROSOFT\VISUALSTUDIO\17.0_9B7FE541\EXTENSIONS\D52IAH55.P0U\Sloop\jre\bin;C:\WINDOWS\SYSTEM32;C:\WINDOWS\WinSxS\amd64_microsoft.windows.common-controls_6595b64144ccf1df_6.0.19041.4355_none_60b8b9eb71f62e16;C:\USERS\AHMED\APPDATA\LOCAL\MICROSOFT\VISUALSTUDIO\17.0_9B7FE541\EXTENSIONS\D52IAH55.P0U\Sloop\jre\bin\server

VM Arguments:
java_command: org.sonarsource.sonarlint.core.backend.cli.SonarLintServerCli
java_class_path (initial): C:\USERS\AHMED\APPDATA\LOCAL\MICROSOFT\VISUALSTUDIO\17.0_9B7FE541\EXTENSIONS\D52IAH55.P0U\Sloop\lib\annotations-13.0.jar;C:\USERS\AHMED\APPDATA\LOCAL\MICROSOFT\VISUALSTUDIO\17.0_9B7FE541\EXTENSIONS\D52IAH55.P0U\Sloop\lib\checker-qual-3.33.0.jar;C:\USERS\AHMED\APPDATA\LOCAL\MICROSOFT\VISUALSTUDIO\17.0_9B7FE541\EXTENSIONS\D52IAH55.P0U\Sloop\lib\commons-codec-1.15.jar;C:\USERS\AHMED\APPDATA\LOCAL\MICROSOFT\VISUALSTUDIO\17.0_9B7FE541\EXTENSIONS\D52IAH55.P0U\Sloop\lib\commons-compress-1.26.1.jar;C:\USERS\AHMED\APPDATA\LOCAL\MICROSOFT\VISUALSTUDIO\17.0_9B7FE541\EXTENSIONS\D52IAH55.P0U\Sloop\lib\commons-csv-1.10.0.jar;C:\USERS\AHMED\APPDATA\LOCAL\MICROSOFT\VISUALSTUDIO\17.0_9B7FE541\EXTENSIONS\D52IAH55.P0U\Sloop\lib\commons-io-2.16.1.jar;C:\USERS\AHMED\APPDATA\LOCAL\MICROSOFT\VISUALSTUDIO\17.0_9B7FE541\EXTENSIONS\D52IAH55.P0U\Sloop\lib\commons-lang-2.6.jar;C:\USERS\AHMED\APPDATA\LOCAL\MICROSOFT\VISUALSTUDIO\17.0_9B7FE541\EXTENSIONS\D52IAH55.P0U\Sloop\lib\commons-lang3-3.12.0.jar;C:\USERS\AHMED\APPDATA\LOCAL\MICROSOFT\VISUALSTUDIO\17.0_9B7FE541\EXTENSIONS\D52IAH55.P0U\Sloop\lib\error_prone_annotations-2.18.0.jar;C:\USERS\AHMED\APPDATA\LOCAL\MICROSOFT\VISUALSTUDIO\17.0_9B7FE541\EXTENSIONS\D52IAH55.P0U\Sloop\lib\failureaccess-1.0.1.jar;C:\USERS\AHMED\APPDATA\LOCAL\MICROSOFT\VISUALSTUDIO\17.0_9B7FE541\EXTENSIONS\D52IAH55.P0U\Sloop\lib\git-files-blame-1.0.3.1673.jar;C:\USERS\AHMED\APPDATA\LOCAL\MICROSOFT\VISUALSTUDIO\17.0_9B7FE541\EXTENSIONS\D52IAH55.P0U\Sloop\lib\gson-2.10.jar;C:\USERS\AHMED\APPDATA\LOCAL\MICROSOFT\VISUALSTUDIO\17.0_9B7FE541\EXTENSIONS\D52IAH55.P0U\Sloop\lib\guava-32.1.1-jre.jar;C:\USERS\AHMED\APPDATA\LOCAL\MICROSOFT\VISUALSTUDIO\17.0_9B7FE541\EXTENSIONS\D52IAH55.P0U\Sloop\lib\httpclient5-5.2.1.jar;C:\USERS\AHMED\APPDATA\LOCAL\MICROSOFT\VISUALSTUDIO\17.0_9B7FE541\EXTENSIONS\D52IAH55.P0U\Sloop\lib\httpcore5-5.2.jar;C:\USERS\AHMED\APPDATA\LOCAL\MICROSOFT\VISUALSTUDIO\17.0_9B7FE541\EXTENSIONS\D52IAH55.P0U\Sloop\lib\httpcore5-h2-5.2.ja
Launcher Type: SUN_STANDARD

[Global flags]
     intx CICompilerCount                          = 3                                         {product} {ergonomic}
     uint ConcGCThreads                            = 1                                         {product} {ergonomic}
     uint G1ConcRefinementThreads                  = 4                                         {product} {ergonomic}
   size_t G1HeapRegionSize                         = 1048576                                   {product} {ergonomic}
    uintx GCDrainStackTargetSize                   = 64                                        {product} {ergonomic}
   size_t InitialHeapSize                          = 132120576                                 {product} {ergonomic}
   size_t MarkStackSize                            = 4194304                                   {product} {ergonomic}
   size_t MaxHeapSize                              = 2111832064                                {product} {ergonomic}
   size_t MinHeapDeltaBytes                        = 1048576                                   {product} {ergonomic}
   size_t MinHeapSize                              = 8388608                                   {product} {ergonomic}
    uintx NonNMethodCodeHeapSize                   = 5832780                                {pd product} {ergonomic}
    uintx NonProfiledCodeHeapSize                  = 122912730                              {pd product} {ergonomic}
    uintx ProfiledCodeHeapSize                     = 122912730                              {pd product} {ergonomic}
    uintx ReservedCodeCacheSize                    = 251658240                              {pd product} {ergonomic}
     bool SegmentedCodeCache                       = true                                      {product} {ergonomic}
   size_t SoftMaxHeapSize                          = 2111832064                             {manageable} {ergonomic}
     bool UseCompressedClassPointers               = true                           {product lp64_product} {ergonomic}
     bool UseCompressedOops                        = true                           {product lp64_product} {ergonomic}
     bool UseG1GC                                  = true                                      {product} {ergonomic}
     bool UseLargePagesIndividualAllocation        = false                                  {pd product} {ergonomic}

Logging:
Log output configuration:
 #0: stdout all=warning uptime,level,tags
 #1: stderr all=off uptime,level,tags

Environment Variables:
PATH=C:\Windows\system32;C:\Windows;C:\Windows\System32\Wbem;C:\Windows\System32\WindowsPowerShell\v1.0\;C:\Windows\System32\OpenSSH\;C:\Program Files (x86)\NVIDIA Corporation\PhysX\Common;C:\Program Files\Microsoft SQL Server\150\Tools\Binn\;C:\Program Files\Microsoft SQL Server\Client SDK\ODBC\170\Tools\Binn\;C:\WINDOWS\system32;C:\WINDOWS;C:\WINDOWS\System32\Wbem;C:\WINDOWS\System32\WindowsPowerShell\v1.0\;C:\WINDOWS\System32\OpenSSH\;C:\Program Files (x86)\Microsoft SQL Server\160\Tools\Binn\;C:\Program Files\Microsoft SQL Server\160\Tools\Binn\;C:\Program Files\Microsoft SQL Server\160\DTS\Binn\;C:\Program Files (x86)\Microsoft SQL Server\160\DTS\Binn\;C:\Program Files\Azure Data Studio\bin;C:\Program Files\dotnet\;C:\Program Files\Git\cmd;%NVM_HOME%;%NVM_SYMLINK%;C:\Users\AHMED\AppData\Local\Microsoft\WindowsApps;C:\Users\AHMED\AppData\Local\Programs\Microsoft VS Code\bin;C:\Program Files\Azure Data Studio\bin;C:\Users\AHMED\.dotnet\tools;C:\Users\AHMED\AppData\Roaming\npm;C:\Users\AHMED\AppData\Roaming\nvm;C:\Program Files\nodejs;C:\Users\AHMED\AppData\Local\Microsoft\WinGet\Packages\Schniz.fnm_Microsoft.Winget.Source_8wekyb3d8bbwe;
USERNAME=AHMED
OS=Windows_NT
PROCESSOR_IDENTIFIER=Intel64 Family 6 Model 142 Stepping 9, GenuineIntel
TMP=C:\Users\AHMED\AppData\Local\Temp
TEMP=C:\Users\AHMED\AppData\Local\Temp



Periodic native trim disabled


---------------  S Y S T E M  ---------------

OS:
 Windows 10 , 64 bit Build 19041 (10.0.19041.4597)
OS uptime: 6 days 22:30 hours

CPU: total 4 (initial active 4) (2 cores per cpu, 2 threads per core) family 6 model 142 stepping 9 microcode 0xca, cx8, cmov, fxsr, ht, mmx, 3dnowpref, sse, sse2, sse3, ssse3, sse4.1, sse4.2, popcnt, lzcnt, tsc, tscinvbit, avx, avx2, aes, erms, clmul, bmi1, bmi2, rtm, adx, fma, vzeroupper, clflush, clflushopt
Processor Information for all 4 processors :
  Max Mhz: 2901, Current Mhz: 2901, Mhz Limit: 2901

Memory: 4k page, system-wide physical 8053M (208M free)
TotalPageFile size 25990M (AvailPageFile size 6M)
current process WorkingSet (physical memory assigned to process): 10M, peak: 10M
current process commit charge ("private bytes"): 52M, peak: 177M

vm_info: OpenJDK 64-Bit Server VM (17.0.9+9) for windows-amd64 JRE (17.0.9+9), built on Oct 26 2023 14:01:42 by "admin" with MS VC++ 16.10 / 16.11 (VS2019)

END.
